
Starting report CSH_R_003_R [Wed Dec 05 11:31:06 2018] ...
End report CSH_R_003_R [Wed Dec 05 11:56:32 2018].

Starting report ACC_R_066_R [Wed Dec 05 14:38:13 2018] ...
End report ACC_R_066_R [Wed Dec 05 14:38:36 2018].

Starting report ACC_R_066_R [Wed Dec 05 14:38:52 2018] ...
End report ACC_R_066_R [Wed Dec 05 14:38:57 2018].

Starting report ACC_R_066_R [Wed Dec 05 14:39:13 2018] ...
End report ACC_R_066_R [Wed Dec 05 14:39:19 2018].

Starting report ACC_R_066_R [Wed Dec 05 14:39:32 2018] ...
End report ACC_R_066_R [Wed Dec 05 14:39:39 2018].

Starting report ACC_R_066_R [Wed Dec 05 14:59:58 2018] ...
End report ACC_R_066_R [Wed Dec 05 15:00:04 2018].

Starting report ACC_R_066_R [Wed Dec 05 15:00:18 2018] ...
End report ACC_R_066_R [Wed Dec 05 15:00:23 2018].

Starting report ACC_R_066_R [Wed Dec 05 15:00:37 2018] ...
End report ACC_R_066_R [Wed Dec 05 15:00:43 2018].

Starting report ACC_R_066_R [Wed Dec 05 15:00:50 2018] ...
End report ACC_R_066_R [Wed Dec 05 15:00:56 2018].

Starting report ACC_R_066_R [Wed Dec 05 15:01:05 2018] ...
End report ACC_R_066_R [Wed Dec 05 15:01:12 2018].

Starting report ACC_R_066_R [Wed Dec 05 15:01:21 2018] ...
End report ACC_R_066_R [Wed Dec 05 15:01:27 2018].

Starting report ACC_R_066_R [Wed Dec 05 15:01:36 2018] ...
End report ACC_R_066_R [Wed Dec 05 15:01:45 2018].

Starting report ACC_R_066_R [Wed Dec 05 15:01:56 2018] ...
End report ACC_R_066_R [Wed Dec 05 15:02:02 2018].

Starting report ACC_R_066_R [Wed Dec 05 15:02:10 2018] ...
End report ACC_R_066_R [Wed Dec 05 15:02:19 2018].

Starting report ACC_R_066_R [Wed Dec 05 15:05:18 2018] ...
End report ACC_R_066_R [Wed Dec 05 15:05:25 2018].

Starting report ACC_R_066_R [Wed Dec 05 15:08:13 2018] ...
End report ACC_R_066_R [Wed Dec 05 15:08:20 2018].

Starting report ACC_R_066_R [Thu Dec 06 07:43:03 2018] ...
End report ACC_R_066_R [Thu Dec 06 07:45:03 2018].

Starting report SAL_R_040_R [Thu Dec 06 10:42:13 2018] ...
End report SAL_R_040_R [Thu Dec 06 10:42:34 2018].

Starting report SAL_R_040_R [Thu Dec 06 11:17:57 2018] ...
End report SAL_R_040_R [Thu Dec 06 11:18:13 2018].

Starting report ACC_R_066_R [Thu Dec 06 13:37:19 2018] ...
End report ACC_R_066_R [Thu Dec 06 13:37:40 2018].

Starting report ACC_R_066_R [Thu Dec 06 13:37:55 2018] ...
End report ACC_R_066_R [Thu Dec 06 13:38:02 2018].

Starting report ACC_R_066_R [Thu Dec 06 13:38:14 2018] ...
End report ACC_R_066_R [Thu Dec 06 13:38:20 2018].

Starting report ACC_R_066_R [Thu Dec 06 13:38:33 2018] ...
End report ACC_R_066_R [Thu Dec 06 13:38:40 2018].

Starting report ACC_R_066_R [Thu Dec 06 13:38:51 2018] ...
End report ACC_R_066_R [Thu Dec 06 13:38:57 2018].

Starting report ACC_R_066_R [Thu Dec 06 13:39:09 2018] ...
End report ACC_R_066_R [Thu Dec 06 13:39:15 2018].

Starting report ACC_R_066_R [Thu Dec 06 13:39:31 2018] ...
End report ACC_R_066_R [Thu Dec 06 13:39:37 2018].

Starting report ACC_R_066_R [Thu Dec 06 13:39:45 2018] ...
End report ACC_R_066_R [Thu Dec 06 13:41:56 2018].

Starting report ACC_R_066_R [Thu Dec 06 14:41:06 2018] ...
End report ACC_R_066_R [Thu Dec 06 14:41:54 2018].

Starting report ACC_R_066_R [Sat Dec 08 09:36:48 2018] ...
End report ACC_R_066_R [Sat Dec 08 09:37:02 2018].

Starting report ACC_R_066_R [Sat Dec 08 09:37:17 2018] ...
End report ACC_R_066_R [Sat Dec 08 09:37:23 2018].

Starting report ACC_R_066_R [Sat Dec 08 09:37:38 2018] ...
End report ACC_R_066_R [Sat Dec 08 09:38:57 2018].

Starting report ACC_R_066_R [Sat Dec 08 09:39:25 2018] ...
End report ACC_R_066_R [Sat Dec 08 09:39:31 2018].

Starting report ACC_R_066_R [Sat Dec 08 09:39:46 2018] ...
End report ACC_R_066_R [Sat Dec 08 09:39:52 2018].

Starting report ACC_R_066_R [Sat Dec 08 09:40:06 2018] ...
End report ACC_R_066_R [Sat Dec 08 09:40:13 2018].

Starting report ACC_R_066_R [Sat Dec 08 09:40:42 2018] ...
End report ACC_R_066_R [Sat Dec 08 09:40:48 2018].

Starting report ACC_R_066_R [Sat Dec 08 09:41:56 2018] ...
End report ACC_R_066_R [Sat Dec 08 09:42:02 2018].

Starting report ACC_R_066_R [Sat Dec 08 09:42:18 2018] ...
End report ACC_R_066_R [Sat Dec 08 09:42:25 2018].

Starting report STK_R_014_R_SAMEH [Sat Dec 08 17:41:44 2018] ...
End report STK_R_014_R_SAMEH [Sat Dec 08 17:42:47 2018].

Starting report STK_R_014_R_SAMEH [Sat Dec 08 17:44:21 2018] ...
End report STK_R_014_R_SAMEH [Sat Dec 08 17:44:35 2018].

Starting report STK_R_014_R_SAMEH [Sat Dec 08 17:44:54 2018] ...
End report STK_R_014_R_SAMEH [Sat Dec 08 17:45:17 2018].

Starting report STK_R_014_R_SAMEH [Sat Dec 08 17:45:30 2018] ...
End report STK_R_014_R_SAMEH [Sat Dec 08 17:45:43 2018].

Starting report STK_R_014_R_SAMEH [Sat Dec 08 17:45:49 2018] ...
End report STK_R_014_R_SAMEH [Sat Dec 08 17:46:16 2018].

Starting report STK_R_014_R_SAMEH [Sat Dec 08 17:46:27 2018] ...
End report STK_R_014_R_SAMEH [Sat Dec 08 17:47:02 2018].

Starting report STK_R_014_R_SAMEH [Sat Dec 08 17:47:13 2018] ...
End report STK_R_014_R_SAMEH [Sat Dec 08 17:47:35 2018].

Starting report STK_R_014_R_SAMEH [Sat Dec 08 17:47:44 2018] ...
End report STK_R_014_R_SAMEH [Sat Dec 08 17:48:14 2018].

Starting report STK_R_014_R_SAMEH [Sat Dec 08 17:48:23 2018] ...
End report STK_R_014_R_SAMEH [Sat Dec 08 17:49:37 2018].

Starting report STK_R_014_R_SAMEH [Sat Dec 08 17:49:44 2018] ...
End report STK_R_014_R_SAMEH [Sat Dec 08 17:49:59 2018].

Starting report STK_R_014_R_SAMEH [Sat Dec 08 17:50:07 2018] ...
End report STK_R_014_R_SAMEH [Sat Dec 08 17:55:06 2018].

Starting report STK_R_014_R_SAMEH [Sun Dec 09 08:39:00 2018] ...
End report STK_R_014_R_SAMEH [Sun Dec 09 08:47:24 2018].

Starting report ACC_R_066_R [Sun Dec 09 14:28:47 2018] ...
End report ACC_R_066_R [Sun Dec 09 14:29:24 2018].

Starting report ACC_R_066_R [Sun Dec 09 14:29:54 2018] ...
End report ACC_R_066_R [Sun Dec 09 14:30:01 2018].

Starting report ACC_R_066_R [Sun Dec 09 14:30:34 2018] ...
End report ACC_R_066_R [Sun Dec 09 14:30:43 2018].

Starting report ACC_R_066_R [Sun Dec 09 14:31:01 2018] ...
End report ACC_R_066_R [Sun Dec 09 14:31:07 2018].

Starting report ACC_R_066_R [Sun Dec 09 14:32:18 2018] ...
End report ACC_R_066_R [Sun Dec 09 14:32:24 2018].

Starting report ACC_R_066_R [Sun Dec 09 14:33:29 2018] ...
End report ACC_R_066_R [Sun Dec 09 14:33:41 2018].

Starting report ACC_R_066_R [Sun Dec 09 14:34:08 2018] ...
End report ACC_R_066_R [Sun Dec 09 14:34:14 2018].

Starting report ACC_R_066_R [Sun Dec 09 14:34:32 2018] ...
End report ACC_R_066_R [Sun Dec 09 14:34:39 2018].

Starting report ACC_R_066_R [Sun Dec 09 14:34:55 2018] ...
End report ACC_R_066_R [Sun Dec 09 14:35:02 2018].

Starting report ACC_R_066_R [Sun Dec 09 14:35:15 2018] ...
End report ACC_R_066_R [Sun Dec 09 14:35:23 2018].

Starting report ACC_R_066_R [Sun Dec 09 14:38:44 2018] ...
End report ACC_R_066_R [Sun Dec 09 14:38:50 2018].

Starting report ACC_R_066_R [Sun Dec 09 14:39:13 2018] ...
End report ACC_R_066_R [Sun Dec 09 14:39:17 2018].

Starting report ACC_R_066_R [Sun Dec 09 14:39:42 2018] ...
End report ACC_R_066_R [Sun Dec 09 14:39:48 2018].

Starting report ACC_R_066_R [Sun Dec 09 14:40:28 2018] ...
End report ACC_R_066_R [Sun Dec 09 14:40:35 2018].

Starting report ACC_R_066_R [Sun Dec 09 14:40:52 2018] ...
End report ACC_R_066_R [Sun Dec 09 14:41:00 2018].

Starting report ACC_R_066_R [Sun Dec 09 17:40:07 2018] ...
End report ACC_R_066_R [Sun Dec 09 17:40:22 2018].

Starting report ACC_R_066_R [Sun Dec 09 17:41:14 2018] ...
End report ACC_R_066_R [Sun Dec 09 17:41:22 2018].

Starting report ACC_R_066_R [Sun Dec 09 17:41:38 2018] ...
End report ACC_R_066_R [Sun Dec 09 17:41:48 2018].

Starting report ACC_R_066_R [Sun Dec 09 17:41:59 2018] ...
End report ACC_R_066_R [Sun Dec 09 17:42:04 2018].

Starting report ACC_R_066_R [Sun Dec 09 17:42:28 2018] ...
End report ACC_R_066_R [Sun Dec 09 17:42:34 2018].

Starting report ACC_R_066_R [Sun Dec 09 17:42:49 2018] ...
End report ACC_R_066_R [Sun Dec 09 17:42:56 2018].

Starting report ACC_R_066_R [Sun Dec 09 17:43:10 2018] ...
End report ACC_R_066_R [Sun Dec 09 17:43:16 2018].

Starting report ACC_R_066_R [Sun Dec 09 17:43:27 2018] ...
End report ACC_R_066_R [Sun Dec 09 17:43:32 2018].

Starting report ACC_R_066_R [Sun Dec 09 17:43:46 2018] ...
End report ACC_R_066_R [Sun Dec 09 17:43:54 2018].

Starting report ACC_R_066_R [Sun Dec 09 17:44:10 2018] ...
End report ACC_R_066_R [Sun Dec 09 17:44:19 2018].

Starting report ACC_R_066_R [Mon Dec 10 14:38:26 2018] ...
End report ACC_R_066_R [Mon Dec 10 14:38:51 2018].

Starting report ACC_R_066_R [Mon Dec 10 14:39:29 2018] ...
End report ACC_R_066_R [Mon Dec 10 14:39:36 2018].

Starting report ACC_R_066_R [Mon Dec 10 14:39:45 2018] ...
End report ACC_R_066_R [Mon Dec 10 14:39:50 2018].

Starting report ACC_R_066_R [Mon Dec 10 14:39:59 2018] ...
End report ACC_R_066_R [Mon Dec 10 14:40:05 2018].

Starting report ACC_R_066_R [Mon Dec 10 14:40:18 2018] ...
End report ACC_R_066_R [Mon Dec 10 14:40:24 2018].

Starting report ACC_R_066_R [Mon Dec 10 14:40:33 2018] ...
End report ACC_R_066_R [Mon Dec 10 14:40:39 2018].

Starting report ACC_R_066_R [Mon Dec 10 14:40:48 2018] ...
End report ACC_R_066_R [Mon Dec 10 14:40:53 2018].

Starting report ACC_R_066_R [Mon Dec 10 14:41:03 2018] ...
End report ACC_R_066_R [Mon Dec 10 14:41:08 2018].

Starting report ACC_R_066_R [Mon Dec 10 14:41:22 2018] ...
End report ACC_R_066_R [Mon Dec 10 14:41:27 2018].

Starting report ACC_R_066_R [Mon Dec 10 14:41:59 2018] ...
End report ACC_R_066_R [Mon Dec 10 14:49:13 2018].

Starting report ACC_R_066_R [Mon Dec 10 15:34:29 2018] ...
End report ACC_R_066_R [Mon Dec 10 15:34:36 2018].

Starting report ACC_R_066_R [Tue Dec 11 14:55:08 2018] ...
End report ACC_R_066_R [Tue Dec 11 14:55:45 2018].

Starting report ACC_R_066_R [Tue Dec 11 14:56:35 2018] ...
End report ACC_R_066_R [Tue Dec 11 14:56:42 2018].

Starting report ACC_R_066_R [Tue Dec 11 14:57:05 2018] ...
End report ACC_R_066_R [Tue Dec 11 14:57:12 2018].

Starting report ACC_R_066_R [Tue Dec 11 14:57:19 2018] ...
End report ACC_R_066_R [Tue Dec 11 14:57:26 2018].

Starting report ACC_R_066_R [Tue Dec 11 14:57:36 2018] ...
End report ACC_R_066_R [Tue Dec 11 14:57:42 2018].

Starting report ACC_R_066_R [Tue Dec 11 14:58:03 2018] ...
End report ACC_R_066_R [Tue Dec 11 14:58:09 2018].

Starting report ACC_R_066_R [Tue Dec 11 14:58:24 2018] ...
End report ACC_R_066_R [Tue Dec 11 14:58:31 2018].

Starting report ACC_R_066_R [Tue Dec 11 14:58:42 2018] ...
End report ACC_R_066_R [Tue Dec 11 14:58:49 2018].

Starting report ACC_R_066_R [Tue Dec 11 14:58:58 2018] ...
End report ACC_R_066_R [Tue Dec 11 14:59:12 2018].

Starting report SAL_R_027_R [Tue Dec 11 15:59:15 2018] ...
End report SAL_R_027_R [Tue Dec 11 15:59:42 2018].

Starting report SAL_R_040_R [Tue Dec 11 16:00:07 2018] ...
End report SAL_R_040_R [Tue Dec 11 16:01:50 2018].

Starting report SAL_R_040_R [Tue Dec 11 16:40:45 2018] ...
End report SAL_R_040_R [Tue Dec 11 16:42:53 2018].

Starting report SAL_R_040_R [Tue Dec 11 16:43:25 2018] ...
End report SAL_R_040_R [Tue Dec 11 16:45:06 2018].

Starting report SAL_R_040_R [Wed Dec 12 08:02:35 2018] ...
End report SAL_R_040_R [Wed Dec 12 08:03:02 2018].

Starting report CSH_R_040_R [Wed Dec 12 08:54:25 2018] ...
End report CSH_R_040_R [Wed Dec 12 08:54:45 2018].

Starting report CSH_R_040_R [Wed Dec 12 08:55:02 2018] ...
End report CSH_R_040_R [Wed Dec 12 08:55:42 2018].

Starting report SAL_R_040_R [Wed Dec 12 14:19:10 2018] ...
End report SAL_R_040_R [Wed Dec 12 14:29:34 2018].

Starting report STK_R_024_R_SAMEH [Wed Dec 12 14:47:49 2018] ...
End report STK_R_024_R_SAMEH [Wed Dec 12 14:47:53 2018].

Starting report ACC_R_066_R [Wed Dec 12 16:02:17 2018] ...
End report ACC_R_066_R [Wed Dec 12 16:03:21 2018].

Starting report SAL_R_040_R [Wed Dec 12 16:23:59 2018] ...
End report SAL_R_040_R [Wed Dec 12 16:24:12 2018].

Starting report ACC_R_066_R [Wed Dec 12 16:26:17 2018] ...
End report ACC_R_066_R [Wed Dec 12 16:26:45 2018].

Starting report ACC_R_066_R [Sat Dec 15 15:33:44 2018] ...
End report ACC_R_066_R [Sat Dec 15 15:34:07 2018].

Starting report ACC_R_066_R [Sat Dec 15 15:34:35 2018] ...
End report ACC_R_066_R [Sat Dec 15 15:34:41 2018].

Starting report ACC_R_066_R [Sat Dec 15 15:34:59 2018] ...
End report ACC_R_066_R [Sat Dec 15 15:35:05 2018].

Starting report ACC_R_066_R [Sat Dec 15 15:35:23 2018] ...
End report ACC_R_066_R [Sat Dec 15 15:35:28 2018].

Starting report ACC_R_066_R [Sat Dec 15 15:35:40 2018] ...
End report ACC_R_066_R [Sat Dec 15 15:35:45 2018].

Starting report ACC_R_066_R [Sat Dec 15 15:36:10 2018] ...
End report ACC_R_066_R [Sat Dec 15 15:36:17 2018].

Starting report ACC_R_066_R [Sat Dec 15 15:36:33 2018] ...
End report ACC_R_066_R [Sat Dec 15 15:36:38 2018].

Starting report ACC_R_066_R [Sat Dec 15 15:37:11 2018] ...
End report ACC_R_066_R [Sat Dec 15 15:37:18 2018].

Starting report ACC_R_066_R [Sun Dec 16 17:20:03 2018] ...
End report ACC_R_066_R [Sun Dec 16 17:30:38 2018].

Starting report ACC_R_066_R [Sun Dec 16 17:30:38 2018] ...
End report ACC_R_066_R [Sun Dec 16 17:30:51 2018].

Starting report ACC_R_066_R [Sun Dec 16 17:30:51 2018] ...
End report ACC_R_066_R [Sun Dec 16 17:36:24 2018].

Starting report ACC_R_066_R [Sun Dec 16 17:36:24 2018] ...
End report ACC_R_066_R [Sun Dec 16 17:36:32 2018].

Starting report ACC_R_066_R [Sun Dec 16 17:36:32 2018] ...
End report ACC_R_066_R [Sun Dec 16 17:36:41 2018].

Starting report ACC_R_066_R [Sun Dec 16 17:36:55 2018] ...
End report ACC_R_066_R [Sun Dec 16 17:37:07 2018].

Starting report ACC_R_066_R [Sun Dec 16 17:37:12 2018] ...
End report ACC_R_066_R [Sun Dec 16 17:37:19 2018].

Starting report ACC_R_066_R [Sun Dec 16 17:37:33 2018] ...
End report ACC_R_066_R [Sun Dec 16 17:37:39 2018].

Starting report ACC_R_066_R [Sun Dec 16 17:37:56 2018] ...
End report ACC_R_066_R [Sun Dec 16 17:38:01 2018].

Starting report ACC_R_066_R [Sun Dec 16 17:38:15 2018] ...
End report ACC_R_066_R [Sun Dec 16 17:38:23 2018].

Starting report ACC_R_066_R [Sun Dec 16 17:38:50 2018] ...
End report ACC_R_066_R [Sun Dec 16 17:38:55 2018].

Starting report ACC_R_066_R [Sun Dec 16 17:39:07 2018] ...
End report ACC_R_066_R [Sun Dec 16 17:39:13 2018].

Starting report ACC_R_066_R [Sun Dec 16 17:43:06 2018] ...
End report ACC_R_066_R [Sun Dec 16 17:49:57 2018].

Starting report ACC_R_066_R [Sun Dec 16 17:20:08 2018] ...
End report ACC_R_066_R [Sun Dec 16 17:21:18 2018].

Starting report ACC_R_066_R [Sun Dec 16 17:54:21 2018] ...
End report ACC_R_066_R [Sun Dec 16 18:11:03 2018].

Starting report ACC_R_066_R [Sun Dec 16 18:11:03 2018] ...
End report ACC_R_066_R [Sun Dec 16 18:11:08 2018].

Starting report ACC_R_066_R [Sun Dec 16 18:11:10 2018] ...
End report ACC_R_066_R [Sun Dec 16 18:11:18 2018].

Starting report STK_R_014_R_SAMEH [Sun Dec 16 18:33:59 2018] ...
End report STK_R_014_R_SAMEH [Sun Dec 16 18:34:12 2018].

Starting report ACC_R_066_R [Sun Dec 16 18:35:45 2018] ...
End report ACC_R_066_R [Sun Dec 16 18:35:54 2018].

Starting report ACC_R_066_R [Sun Dec 16 18:36:41 2018] ...
End report ACC_R_066_R [Sun Dec 16 18:36:47 2018].

Starting report ACC_R_066_R [Sun Dec 16 18:36:59 2018] ...
End report ACC_R_066_R [Sun Dec 16 18:37:28 2018].

Starting report ACC_R_066_R [Sun Dec 16 18:37:40 2018] ...
End report ACC_R_066_R [Sun Dec 16 18:37:45 2018].

Starting report ACC_R_066_R [Sun Dec 16 18:38:41 2018] ...
End report ACC_R_066_R [Sun Dec 16 18:38:47 2018].

Starting report ACC_R_066_R [Sun Dec 16 18:39:00 2018] ...
End report ACC_R_066_R [Sun Dec 16 18:39:07 2018].

Starting report ACC_R_066_R [Sun Dec 16 18:39:16 2018] ...
End report ACC_R_066_R [Sun Dec 16 18:39:23 2018].

Starting report ACC_R_066_R [Sun Dec 16 18:39:34 2018] ...
End report ACC_R_066_R [Sun Dec 16 18:39:41 2018].

Starting report ACC_R_066_R [Sun Dec 16 18:39:52 2018] ...
End report ACC_R_066_R [Sun Dec 16 18:39:58 2018].

Starting report STK_R_034_R_SAMEH [Mon Dec 17 14:19:54 2018] ...
End report STK_R_034_R_SAMEH [Mon Dec 17 14:32:41 2018].

Starting report ACC_R_066_R [Mon Dec 17 15:13:19 2018] ...
End report ACC_R_066_R [Mon Dec 17 15:13:24 2018].

Starting report ACC_R_066_R [Mon Dec 17 15:13:32 2018] ...
End report ACC_R_066_R [Mon Dec 17 15:13:37 2018].

Starting report ACC_R_066_R [Mon Dec 17 15:13:43 2018] ...
End report ACC_R_066_R [Mon Dec 17 15:13:48 2018].

Starting report ACC_R_066_R [Mon Dec 17 15:13:55 2018] ...
End report ACC_R_066_R [Mon Dec 17 15:14:00 2018].

Starting report ACC_R_066_R [Mon Dec 17 15:14:06 2018] ...
End report ACC_R_066_R [Mon Dec 17 15:14:12 2018].

Starting report ACC_R_066_R [Mon Dec 17 15:14:17 2018] ...
End report ACC_R_066_R [Mon Dec 17 15:14:22 2018].

Starting report ACC_R_066_R [Mon Dec 17 15:14:28 2018] ...
End report ACC_R_066_R [Mon Dec 17 15:14:32 2018].

Starting report ACC_R_066_R [Mon Dec 17 15:14:41 2018] ...
End report ACC_R_066_R [Mon Dec 17 15:14:46 2018].

Starting report ACC_R_066_R [Wed Dec 19 10:21:25 2018] ...
End report ACC_R_066_R [Wed Dec 19 10:22:27 2018].

Starting report SAL_R_001_R [Wed Dec 19 10:23:20 2018] ...
End report SAL_R_001_R [Wed Dec 19 10:23:35 2018].

Starting report ACC_R_066_R [Wed Dec 19 16:31:25 2018] ...
End report ACC_R_066_R [Wed Dec 19 16:31:34 2018].

Starting report SAL_R_040_R [Wed Dec 19 16:45:41 2018] ...
End report SAL_R_040_R [Wed Dec 19 16:46:00 2018].

Starting report SAL_R_040_R [Wed Dec 19 16:46:16 2018] ...
End report SAL_R_040_R [Wed Dec 19 19:11:57 2018].

Starting report ACC_R_066_R [Wed Dec 19 19:11:57 2018] ...
End report ACC_R_066_R [Wed Dec 19 19:12:21 2018].

Starting report ACC_R_066_R [Wed Dec 19 19:13:14 2018] ...
End report ACC_R_066_R [Wed Dec 19 19:13:21 2018].

Starting report ACC_R_066_R [Wed Dec 19 19:13:31 2018] ...
End report ACC_R_066_R [Wed Dec 19 19:13:37 2018].

Starting report ACC_R_066_R [Wed Dec 19 19:13:44 2018] ...
End report ACC_R_066_R [Wed Dec 19 19:13:50 2018].

Starting report ACC_R_066_R [Wed Dec 19 19:13:58 2018] ...
End report ACC_R_066_R [Wed Dec 19 19:14:04 2018].

Starting report ACC_R_066_R [Wed Dec 19 19:14:13 2018] ...
End report ACC_R_066_R [Wed Dec 19 19:14:19 2018].

Starting report ACC_R_066_R [Wed Dec 19 19:14:29 2018] ...
End report ACC_R_066_R [Wed Dec 19 19:14:35 2018].

Starting report ACC_R_066_R [Wed Dec 19 19:14:42 2018] ...
End report ACC_R_066_R [Wed Dec 19 19:14:49 2018].

Starting report ACC_R_066_R [Wed Dec 19 19:14:59 2018] ...
End report ACC_R_066_R [Wed Dec 19 19:15:06 2018].

Starting report ACC_R_066_R [Wed Dec 19 19:15:53 2018] ...
End report ACC_R_066_R [Wed Dec 19 19:16:02 2018].

Starting report ACC_R_066_R [Wed Dec 19 19:16:14 2018] ...
End report ACC_R_066_R [Wed Dec 19 19:16:26 2018].

Starting report ACC_R_066_R [Wed Dec 19 19:16:52 2018] ...
End report ACC_R_066_R [Wed Dec 19 19:17:04 2018].

Starting report PUR_R_004_R [Wed Dec 19 09:39:13 2018] ...
End report PUR_R_004_R [Wed Dec 19 09:39:37 2018].

Starting report ACC_R_066_R [Thu Dec 20 14:47:36 2018] ...
End report ACC_R_066_R [Thu Dec 20 14:48:00 2018].

Starting report ACC_R_066_R [Thu Dec 20 14:48:13 2018] ...
End report ACC_R_066_R [Thu Dec 20 14:48:19 2018].

Starting report ACC_R_066_R [Thu Dec 20 14:48:26 2018] ...
End report ACC_R_066_R [Thu Dec 20 14:48:33 2018].

Starting report ACC_R_066_R [Thu Dec 20 14:49:15 2018] ...
End report ACC_R_066_R [Thu Dec 20 14:49:20 2018].

Starting report ACC_R_066_R [Thu Dec 20 14:49:41 2018] ...
End report ACC_R_066_R [Thu Dec 20 14:49:51 2018].

Starting report ACC_R_066_R [Thu Dec 20 14:50:05 2018] ...
End report ACC_R_066_R [Thu Dec 20 14:50:11 2018].

Starting report ACC_R_066_R [Thu Dec 20 14:50:20 2018] ...
End report ACC_R_066_R [Thu Dec 20 14:50:27 2018].

Starting report ACC_R_066_R [Thu Dec 20 15:16:08 2018] ...
End report ACC_R_066_R [Thu Dec 20 15:16:13 2018].

Starting report ACC_R_066_R [Mon Dec 24 09:38:08 2018] ...
End report ACC_R_066_R [Mon Dec 24 09:40:06 2018].

Starting report ACC_R_066_R [Mon Dec 24 09:40:20 2018] ...
End report ACC_R_066_R [Mon Dec 24 09:40:27 2018].

Starting report ACC_R_066_R [Mon Dec 24 09:40:30 2018] ...
End report ACC_R_066_R [Mon Dec 24 09:43:05 2018].

Starting report ACC_R_066_R [Mon Dec 24 10:08:15 2018] ...
End report ACC_R_066_R [Mon Dec 24 10:08:31 2018].

Starting report ACC_R_066_R [Mon Dec 24 10:19:07 2018] ...
End report ACC_R_066_R [Mon Dec 24 10:21:00 2018].

Starting report ACC_R_066_R [Mon Dec 24 10:21:24 2018] ...
End report ACC_R_066_R [Mon Dec 24 10:21:56 2018].

Starting report ACC_R_066_R [Mon Dec 24 10:23:52 2018] ...
End report ACC_R_066_R [Mon Dec 24 10:28:41 2018].

Starting report ACC_R_066_R [Mon Dec 24 10:28:41 2018] ...
End report ACC_R_066_R [Mon Dec 24 10:29:42 2018].

Starting report SAL_R_033_R [Wed Jan 02 15:48:31 2019] ...
End report SAL_R_033_R [Sun Jan 06 16:30:51 2019].

Starting report SET_R_004_R_SAMEH [Wed Jan 16 10:34:44 2019] ...
End report SET_R_004_R_SAMEH [Wed Jan 16 10:35:01 2019].

Starting report SET_R_004_R_SAMEH [Wed Jan 16 10:35:27 2019] ...
End report SET_R_004_R_SAMEH [Wed Jan 16 10:35:39 2019].

Starting report SET_R_004_R_SAMEH [Wed Jan 16 10:35:46 2019] ...
End report SET_R_004_R_SAMEH [Wed Jan 16 10:36:10 2019].

Starting report SET_R_004_R_SAMEH [Wed Jan 16 10:36:18 2019] ...
End report SET_R_004_R_SAMEH [Wed Jan 16 10:36:27 2019].

Starting report ACC_R_066_R [Sun Jan 06 16:30:56 2019] ...
End report ACC_R_066_R [Sun Jan 06 16:31:29 2019].

Starting report ACC_R_066_R [Sun Jan 06 16:31:33 2019] ...
End report ACC_R_066_R [Sun Jan 06 16:31:42 2019].

Starting report ACC_R_066_R [Sun Jan 06 16:31:47 2019] ...
End report ACC_R_066_R [Sun Jan 06 16:31:54 2019].

Starting report CHECK_09 [Wed Jan 16 12:51:29 2019] ...
End report CHECK_09 [Wed Jan 16 12:51:50 2019].

Starting report ACC_R_072_R [Wed Jan 16 12:51:51 2019] ...
End report ACC_R_072_R [Wed Jan 16 12:52:08 2019].

Starting report ACC_R_066_R [Sun Jan 20 10:12:40 2019] ...
End report ACC_R_066_R [Sun Jan 20 10:12:45 2019].

Starting report ACC_R_066_R [Sun Jan 20 10:13:02 2019] ...
End report ACC_R_066_R [Sun Jan 20 10:13:05 2019].

Starting report ACC_R_066_R [Sun Jan 20 10:13:32 2019] ...
End report ACC_R_066_R [Sun Jan 20 10:13:39 2019].

Starting report PAY_R_097_MORE_TAB_R [Mon Feb 04 07:52:57 2019] ...
End report PAY_R_097_MORE_TAB_R [Mon Feb 04 07:53:29 2019].

Starting report PAY_R_097_MORE_TAB_R [Mon Feb 04 07:53:35 2019] ...
End report PAY_R_097_MORE_TAB_R [Mon Feb 04 07:54:27 2019].

Starting report PAY_R_097_MORE_TAB_R [Mon Feb 04 15:38:03 2019] ...
End report PAY_R_097_MORE_TAB_R [Mon Feb 04 15:38:24 2019].

Starting report ACC_R_066_R [Mon Feb 04 16:23:01 2019] ...
End report ACC_R_066_R [Mon Feb 04 16:31:21 2019].

Starting report ACC_R_066_R [Mon Feb 04 16:31:21 2019] ...
End report ACC_R_066_R [Mon Feb 04 16:31:26 2019].

Starting report ACC_R_066_R [Mon Feb 04 16:32:41 2019] ...
End report ACC_R_066_R [Mon Feb 04 16:33:40 2019].

Starting report SAL_R_001_R [Mon Feb 04 17:58:09 2019] ...
End report SAL_R_001_R [Mon Feb 04 17:58:16 2019].

Starting report ACC_R_066_R [Mon Feb 04 18:04:44 2019] ...
End report ACC_R_066_R [Mon Feb 04 18:04:49 2019].

Starting report PAY_R_097_MORE_TAB_R [Tue Feb 05 10:16:18 2019] ...
End report PAY_R_097_MORE_TAB_R [Tue Feb 05 10:16:51 2019].

Starting report PAY_R_097_MORE_TAB_R [Tue Feb 05 10:31:27 2019] ...
End report PAY_R_097_MORE_TAB_R [Tue Feb 05 10:43:38 2019].

Starting report PAY_R_097_MORE_TAB_R [Tue Feb 05 10:52:48 2019] ...
End report PAY_R_097_MORE_TAB_R [Tue Feb 05 10:53:13 2019].

Starting report PAY_R_097_MORE_TAB_R [Sun Feb 10 08:12:02 2019] ...
End report PAY_R_097_MORE_TAB_R [Sun Feb 10 08:12:20 2019].

Starting report PAY_R_097_MORE_TAB_R [Sun Feb 10 08:12:22 2019] ...
End report PAY_R_097_MORE_TAB_R [Sun Feb 10 08:12:25 2019].

Starting report PAY_R_097_MORE_TAB_R [Sun Feb 10 08:12:33 2019] ...
End report PAY_R_097_MORE_TAB_R [Sun Feb 10 08:12:55 2019].

Starting report ACC_R_056_R [Thu Mar 07 08:23:43 2019] ...
End report ACC_R_056_R [Thu Mar 07 08:24:42 2019].

Starting report PUR_R_001_R [Thu Mar 07 08:53:13 2019] ...
End report PUR_R_001_R [Thu Mar 07 08:53:27 2019].

Starting report ACC_R_066_R [Thu Mar 07 08:53:28 2019] ...
End report ACC_R_066_R [Thu Mar 07 08:53:42 2019].

Starting report ACC_R_066_R [Thu Mar 07 08:54:03 2019] ...
End report ACC_R_066_R [Thu Mar 07 08:54:41 2019].

Starting report ACC_R_066_R [Thu Mar 07 08:54:47 2019] ...
End report ACC_R_066_R [Thu Mar 07 08:55:34 2019].

Starting report ACC_R_056_R [Thu Mar 07 11:46:17 2019] ...
End report ACC_R_056_R [Thu Mar 07 11:49:34 2019].

Starting report ACC_R_056_R [Thu Mar 07 11:55:35 2019] ...
End report ACC_R_056_R [Thu Mar 07 16:01:01 2019].

Starting report SAL_R_027_R [Sun Mar 10 11:13:52 2019] ...
End report SAL_R_027_R [Sun Mar 10 11:14:20 2019].

Starting report SAL_R_001_R [Sun Mar 10 11:15:01 2019] ...
End report SAL_R_001_R [Sun Mar 10 11:17:58 2019].

Starting report ACC_R_066_R [Mon Mar 18 16:09:31 2019] ...
End report ACC_R_066_R [Mon Mar 18 16:09:56 2019].

Starting report PUR_R_001_R [Mon Mar 18 16:10:15 2019] ...
End report PUR_R_001_R [Mon Mar 18 16:10:35 2019].

Starting report ACC_R_066_R [Mon Mar 18 16:11:57 2019] ...
End report ACC_R_066_R [Mon Mar 18 16:17:31 2019].

Starting report ACC_R_066_R [Mon Mar 18 16:18:55 2019] ...
End report ACC_R_066_R [Mon Mar 18 16:20:23 2019].

Starting report ACC_R_066_R [Mon Mar 18 16:20:23 2019] ...
End report ACC_R_066_R [Mon Mar 18 16:20:29 2019].

Starting report ACC_R_066_R [Mon Mar 18 16:20:29 2019] ...
End report ACC_R_066_R [Mon Mar 18 16:20:35 2019].

Starting report ACC_R_066_R [Mon Mar 18 16:20:40 2019] ...
End report ACC_R_066_R [Mon Mar 18 16:24:26 2019].

Starting report ACC_R_066_R [Mon Mar 18 16:25:05 2019] ...
End report ACC_R_066_R [Mon Mar 18 16:26:37 2019].

Starting report ACC_R_066_R [Mon Mar 18 16:27:53 2019] ...
End report ACC_R_066_R [Mon Mar 18 16:29:19 2019].

Starting report ACC_R_066_R [Mon Mar 18 16:31:34 2019] ...
End report ACC_R_066_R [Mon Mar 18 16:32:21 2019].

Starting report ACC_R_066_R [Mon Mar 18 17:46:18 2019] ...
End report ACC_R_066_R [Mon Mar 18 17:47:01 2019].

Starting report ACC_R_066_R [Wed Mar 20 14:33:17 2019] ...
End report ACC_R_066_R [Wed Mar 20 14:33:59 2019].

Starting report ACC_R_066_R [Wed Mar 20 14:42:17 2019] ...
End report ACC_R_066_R [Wed Mar 20 14:42:27 2019].

Starting report ACC_R_066_R [Wed Mar 20 15:12:38 2019] ...
End report ACC_R_066_R [Wed Mar 20 15:12:50 2019].

Starting report ACC_R_066_R [Mon Mar 25 15:54:18 2019] ...
End report ACC_R_066_R [Mon Mar 25 15:54:28 2019].

Starting report ACC_R_072_R [Wed Mar 27 08:19:53 2019] ...
REP-0110: Unable to open file 'ACC_R_072_R'.
REP-1070: Error while opening or saving a document.
REP-0110: Unable to open file 'ACC_R_072_R'.
End report ACC_R_072_R [Wed Mar 27 08:19:53 2019].

Starting report ACC_R_072_R [Wed Mar 27 08:20:08 2019] ...
REP-0110: Unable to open file 'ACC_R_072_R'.
REP-1070: Error while opening or saving a document.
REP-0110: Unable to open file 'ACC_R_072_R'.
End report ACC_R_072_R [Wed Mar 27 08:20:09 2019].

Starting report CSH_R_035_R [Wed Mar 27 08:20:17 2019] ...
End report CSH_R_035_R [Wed Mar 27 08:20:43 2019].

Starting report CSH_R_037_R [Wed Mar 27 08:20:59 2019] ...
End report CSH_R_037_R [Wed Mar 27 08:21:26 2019].

Starting report ACC_R_072_R [Wed Mar 27 08:21:29 2019] ...
REP-0110: Unable to open file 'ACC_R_072_R'.
REP-1070: Error while opening or saving a document.
REP-0110: Unable to open file 'ACC_R_072_R'.
End report ACC_R_072_R [Wed Mar 27 08:21:29 2019].

Starting report ACC_R_072_R [Wed Mar 27 08:21:45 2019] ...
REP-0110: Unable to open file 'ACC_R_072_R'.
REP-1070: Error while opening or saving a document.
REP-0110: Unable to open file 'ACC_R_072_R'.
End report ACC_R_072_R [Wed Mar 27 08:21:45 2019].

Starting report ACC_R_072_R [Wed Mar 27 08:22:09 2019] ...
REP-0110: Unable to open file 'ACC_R_072_R'.
REP-1070: Error while opening or saving a document.
REP-0110: Unable to open file 'ACC_R_072_R'.
End report ACC_R_072_R [Wed Mar 27 08:22:09 2019].

Starting report ACC_R_066_R [Wed Mar 27 08:22:21 2019] ...
End report ACC_R_066_R [Wed Mar 27 08:22:57 2019].

Starting report STK_R_023_R_SAMEH [Wed Mar 27 17:42:19 2019] ...
End report STK_R_023_R_SAMEH [Wed Mar 27 17:42:40 2019].

Starting report ACC_R_066_R [Thu Mar 28 18:15:07 2019] ...
End report ACC_R_066_R [Thu Mar 28 18:17:44 2019].

Starting report ACC_R_066_R [Thu Mar 28 18:17:44 2019] ...
End report ACC_R_066_R [Thu Mar 28 18:17:54 2019].

Starting report ACC_R_071_R [Sun Mar 31 08:28:35 2019] ...
End report ACC_R_071_R [Sun Mar 31 08:29:44 2019].

Starting report ACC_R_056_R [Sun Mar 31 08:33:15 2019] ...
End report ACC_R_056_R [Sun Mar 31 08:33:33 2019].

Starting report ACC_R_056_R [Sun Mar 31 08:33:42 2019] ...
End report ACC_R_056_R [Sun Mar 31 08:34:33 2019].

Starting report ACC_R_056_R [Mon Apr 01 08:18:05 2019] ...
REP-0099: Report is aborted upon user request.
End report ACC_R_056_R [Mon Apr 01 08:18:24 2019].

Starting report ACC_R_056_R [Mon Apr 01 08:18:29 2019] ...
End report ACC_R_056_R [Mon Apr 01 08:20:53 2019].

Starting report ACC_R_005_R [Mon Apr 01 08:23:03 2019] ...
End report ACC_R_005_R [Mon Apr 01 08:24:24 2019].

Starting report ACC_R_005_R [Mon Apr 01 08:27:51 2019] ...
End report ACC_R_005_R [Mon Apr 01 08:28:32 2019].

Starting report SAL_R_256_R [Sun Apr 07 12:58:21 2019] ...
REP-0099: Report is aborted upon user request.
End report SAL_R_256_R [Sun Apr 07 13:18:55 2019].

Starting report SAL_R_256_R [Sun Apr 07 13:22:15 2019] ...
End report SAL_R_256_R [Sun Apr 07 13:22:56 2019].

Starting report SAL_R_256_R [Tue Apr 16 11:24:14 2019] ...
End report SAL_R_256_R [Tue Apr 16 11:24:43 2019].

Starting report SAL_R_256_R [Tue Apr 16 11:24:53 2019] ...
End report SAL_R_256_R [Tue Apr 16 11:24:58 2019].

Starting report SAL_R_256_R [Tue Apr 16 11:28:20 2019] ...
End report SAL_R_256_R [Tue Apr 16 11:28:24 2019].

Starting report SAL_R_256_R [Tue Apr 16 11:29:15 2019] ...
End report SAL_R_256_R [Tue Apr 16 11:29:51 2019].

Starting report SAL_R_256_R [Tue Apr 16 11:39:36 2019] ...
End report SAL_R_256_R [Tue Apr 16 11:39:38 2019].

Starting report SAL_R_003_R_BRIGHT [Tue Apr 16 12:00:54 2019] ...
End report SAL_R_003_R_BRIGHT [Tue Apr 16 12:00:56 2019].

Starting report ACC_R_066_R [Tue Apr 16 12:00:57 2019] ...
End report ACC_R_066_R [Tue Apr 16 12:01:20 2019].

Starting report ACC_R_066_R [Tue Apr 16 12:03:47 2019] ...
End report ACC_R_066_R [Tue Apr 16 12:03:57 2019].

Starting report SAL_R_003_R_BRIGHT [Tue Apr 16 12:03:59 2019] ...
End report SAL_R_003_R_BRIGHT [Tue Apr 16 12:04:02 2019].

Starting report STK_R_040_R_SAMEH [Thu May 09 13:24:17 2019] ...
End report STK_R_040_R_SAMEH [Thu May 09 13:24:43 2019].

Starting report STK_R_005_R_SAMEH [Thu May 09 13:24:51 2019] ...
End report STK_R_005_R_SAMEH [Thu May 09 13:30:40 2019].

Starting report STK_R_005_R_SAMEH [Thu May 09 13:30:40 2019] ...
End report STK_R_005_R_SAMEH [Thu May 09 13:30:45 2019].
